[backblue.gif]
[fade.gif]
[index.html]
[cdn.myportfolio.com/66c922f7-ae9a-4a50-95ba-f62a6d436b48/4e79155c-30a8-4b9d-825a-b23b33a4953d_carw_1x1x32d4f0.png]
[cdn.myportfolio.com/66c922f7-ae9a-4a50-95ba-f62a6d436b48/551c3fbd-30fb-438d-9b5c-8d2a47bebcd4_rwc_0x0x105x55x409621d9.png]
[cdn.myportfolio.com/66c922f7-ae9a-4a50-95ba-f62a6d436b48/0ca29fcc-122d-498e-bf92-481e502c15ce_carw_16x9x3293bb.jpg]
[cdn.myportfolio.com/66c922f7-ae9a-4a50-95ba-f62a6d436b48/0ca29fcc-122d-498e-bf92-481e502c15ce_car_16x96cc4.jpg]
[use.typekit.net/ik/1Kpzgqd_2LL8sGvypQXznzOn9A7o7gjf_DItdjD1V7IfezSgfHYEBsJzwD9oFDIDWD9XjDFc5e4ywh9UFRSowRJ3wAjUjQyyF2FqZRSDjcsKFAJ3wRIXFRb-K6I7OcuoSeNkieZzde8zOcFzdP37O1gkdDJlic88ikolpWgzS1scdhUTdko]
[cdn.myportfolio.com/66c922f7-ae9a-4a50-95ba-f62a6d436b48/1293251e-c5c5-401e-88f4-0607f1284875_carw_16x9x32f133.jpg]
[cdn.myportfolio.com/66c922f7-ae9a-4a50-95ba-f62a6d436b48/1293251e-c5c5-401e-88f4-0607f1284875_car_16x9ba56.jpg]
[cdn.myportfolio.com/66c922f7-ae9a-4a50-95ba-f62a6d436b48/1342c2e3-7e4f-47c1-90a0-17e9fb13c608_rwc_0x27x540x304x32f01f.jpg]
[cdn.myportfolio.com/66c922f7-ae9a-4a50-95ba-f62a6d436b48/1342c2e3-7e4f-47c1-90a0-17e9fb13c608_rwc_0x27x540x304x540613a.jpg]
[cdn.myportfolio.com/66c922f7-ae9a-4a50-95ba-f62a6d436b48/553e4d0f-5209-48ae-9120-ec196ef9a8ad_rwc_0x39x959x540x321ab0.jpg]
[cdn.myportfolio.com/66c922f7-ae9a-4a50-95ba-f62a6d436b48/553e4d0f-5209-48ae-9120-ec196ef9a8ad_rwc_0x39x959x540x95980c0.jpg]
[rajanpande.com/index.html]
[rajanpande.com/dist/css/main.css]
[rajanpande.com/site/translationsd7ad]
[cdn.myportfolio.com/66c922f7-ae9a-4a50-95ba-f62a6d436b48/b90d5fabcb8bc36736a4d3d4b207e04f16735063637b1c.css]
[rajanpande.com/work.html]
[rajanpande.com/dist/js/maind7ad.js]
[cdn.myportfolio.com/66c922f7-ae9a-4a50-95ba-f62a6d436b48/a9c13cf3-33b5-4c25-9126-6abc49d33633_rwc_0x23x510x287x32f31f.jpg]
[cdn.myportfolio.com/66c922f7-ae9a-4a50-95ba-f62a6d436b48/a9c13cf3-33b5-4c25-9126-6abc49d33633_rwc_0x23x510x287x5107fad.jpg]
[cdn.myportfolio.com/66c922f7-ae9a-4a50-95ba-f62a6d436b48/45a41c6c-cdcb-49e8-91b4-b26852d4e642b27d.gif]
[cdn.myportfolio.com/66c922f7-ae9a-4a50-95ba-f62a6d436b48/ecda1f70-0829-4ef5-b126-36d6bf4c436c2151.gif]
[cdn.myportfolio.com/66c922f7-ae9a-4a50-95ba-f62a6d436b48/45a41c6c-cdcb-49e8-91b4-b26852d4e642_rw_6009148.gif]
[cdn.myportfolio.com/66c922f7-ae9a-4a50-95ba-f62a6d436b48/ecda1f70-0829-4ef5-b126-36d6bf4c436c_rw_6008f11.gif]
[cdn.myportfolio.com/66c922f7-ae9a-4a50-95ba-f62a6d436b48/132be6b6-523d-4f5e-b92b-437ac036ab27208f.gif]
[cdn.myportfolio.com/66c922f7-ae9a-4a50-95ba-f62a6d436b48/132be6b6-523d-4f5e-b92b-437ac036ab27_rw_600e1ff.gif]
[cdn.myportfolio.com/66c922f7-ae9a-4a50-95ba-f62a6d436b48/8ca48f1c-97be-4771-a6a7-6110450d38330923.gif]
[cdn.myportfolio.com/66c922f7-ae9a-4a50-95ba-f62a6d436b48/8ca48f1c-97be-4771-a6a7-6110450d3833_rw_6007842.gif]
[cdn.myportfolio.com/66c922f7-ae9a-4a50-95ba-f62a6d436b48/f34fdbcd-b93c-4ce0-9541-3eaa2e642a249843.gif]
[cdn.myportfolio.com/66c922f7-ae9a-4a50-95ba-f62a6d436b48/6feed2ab-568f-4702-9327-37209b972ecbab89.gif]
[cdn.myportfolio.com/66c922f7-ae9a-4a50-95ba-f62a6d436b48/f34fdbcd-b93c-4ce0-9541-3eaa2e642a24_rw_1200a76b.gif]
[cdn.myportfolio.com/66c922f7-ae9a-4a50-95ba-f62a6d436b48/6feed2ab-568f-4702-9327-37209b972ecb_rw_600c61c.gif]
[rajanpande.com/path-planning-projects-1.html]
[cdn.myportfolio.com/66c922f7-ae9a-4a50-95ba-f62a6d436b48/638331bc-f029-4c9c-b2af-18cee644d8dbaa90.gif]
[cdn.myportfolio.com/66c922f7-ae9a-4a50-95ba-f62a6d436b48/638331bc-f029-4c9c-b2af-18cee644d8db_rw_600c184.gif]
[cdn.myportfolio.com/66c922f7-ae9a-4a50-95ba-f62a6d436b48/66114fc1-beca-4fbc-a978-3c6fdc9f56efb9e8.gif]
[cdn.myportfolio.com/66c922f7-ae9a-4a50-95ba-f62a6d436b48/66114fc1-beca-4fbc-a978-3c6fdc9f56ef_rw_600a200.gif]
[cdn.myportfolio.com/66c922f7-ae9a-4a50-95ba-f62a6d436b48/d5db12ae-1d22-494f-a986-e4b4212f27bac6e9.gif]
[cdn.myportfolio.com/66c922f7-ae9a-4a50-95ba-f62a6d436b48/d5db12ae-1d22-494f-a986-e4b4212f27ba_rw_600e773.gif]
[cdn.myportfolio.com/66c922f7-ae9a-4a50-95ba-f62a6d436b48/9a3390c4-7c52-4045-abb5-1428c7d300cbe1b5.gif]
[cdn.myportfolio.com/66c922f7-ae9a-4a50-95ba-f62a6d436b48/9a3390c4-7c52-4045-abb5-1428c7d300cb_rw_600f88c.gif]
[cdn.myportfolio.com/66c922f7-ae9a-4a50-95ba-f62a6d436b48/3ecd9432-dfcf-4992-a52e-da35c6f425c77bf4.gif]
[cdn.myportfolio.com/66c922f7-ae9a-4a50-95ba-f62a6d436b48/3ecd9432-dfcf-4992-a52e-da35c6f425c7_rw_60098cd.gif]
[cdn.myportfolio.com/66c922f7-ae9a-4a50-95ba-f62a6d436b48/86a67154-d8a8-494d-a180-18cedc840d9ac1ab.gif]
[cdn.myportfolio.com/66c922f7-ae9a-4a50-95ba-f62a6d436b48/86a67154-d8a8-494d-a180-18cedc840d9a_rw_600adbd.gif]
[cdn.myportfolio.com/66c922f7-ae9a-4a50-95ba-f62a6d436b48/2ae05e96-4f23-4249-9617-8e02767f15e6575e.jpg]
[cdn.myportfolio.com/66c922f7-ae9a-4a50-95ba-f62a6d436b48/2ae05e96-4f23-4249-9617-8e02767f15e6_rw_12003d60.jpg]
[cdn.myportfolio.com/66c922f7-ae9a-4a50-95ba-f62a6d436b48/d0375ce9-14ef-4ca9-a6f3-f5a8c669d28bed05.gif]
[cdn.myportfolio.com/66c922f7-ae9a-4a50-95ba-f62a6d436b48/657cb21f-1205-4acb-b4cc-96e53530d058252f.png]
[cdn.myportfolio.com/66c922f7-ae9a-4a50-95ba-f62a6d436b48/657cb21f-1205-4acb-b4cc-96e53530d058_rw_1920cb28.png]
[cdn.myportfolio.com/66c922f7-ae9a-4a50-95ba-f62a6d436b48/590d3bc7-af96-4e8b-bdac-6cff91132b47a0cd.jpg]
[cdn.myportfolio.com/66c922f7-ae9a-4a50-95ba-f62a6d436b48/d0375ce9-14ef-4ca9-a6f3-f5a8c669d28b_rw_60030bc.gif]
[cdn.myportfolio.com/66c922f7-ae9a-4a50-95ba-f62a6d436b48/590d3bc7-af96-4e8b-bdac-6cff91132b47_rw_120058e8.jpg]
[cdn.myportfolio.com/66c922f7-ae9a-4a50-95ba-f62a6d436b48/8668168a-7dbd-4f1f-8669-fd8ea6a653fbd3e0.png]
[cdn.myportfolio.com/66c922f7-ae9a-4a50-95ba-f62a6d436b48/b13df631-3fe7-40ed-9ee8-9311d9d88ba09ae9.png]
[cdn.myportfolio.com/66c922f7-ae9a-4a50-95ba-f62a6d436b48/8668168a-7dbd-4f1f-8669-fd8ea6a653fb_rw_12001ce0.png]
[cdn.myportfolio.com/66c922f7-ae9a-4a50-95ba-f62a6d436b48/0701644e-a3cc-4cd5-a431-8aacad435e58527a.png]
[cdn.myportfolio.com/66c922f7-ae9a-4a50-95ba-f62a6d436b48/0701644e-a3cc-4cd5-a431-8aacad435e58_rw_12009af1.png]
[cdn.myportfolio.com/66c922f7-ae9a-4a50-95ba-f62a6d436b48/9f29837e-42a8-44b9-8b2e-51402296eefeaa6e.png]
[cdn.myportfolio.com/66c922f7-ae9a-4a50-95ba-f62a6d436b48/9f29837e-42a8-44b9-8b2e-51402296eefe_rw_120066b7.png]
[cdn.myportfolio.com/66c922f7-ae9a-4a50-95ba-f62a6d436b48/b13df631-3fe7-40ed-9ee8-9311d9d88ba0_rw_192071e2.png]
[cdn.myportfolio.com/66c922f7-ae9a-4a50-95ba-f62a6d436b48/989ee07f-332f-4125-8054-2d1943ac5fbf5e0b.png]
[cdn.myportfolio.com/66c922f7-ae9a-4a50-95ba-f62a6d436b48/989ee07f-332f-4125-8054-2d1943ac5fbf_rw_12008272.png]
[cdn.myportfolio.com/66c922f7-ae9a-4a50-95ba-f62a6d436b48/9dcda55f-495d-44ff-8c5e-50815df320588a31.jpg]
[cdn.myportfolio.com/66c922f7-ae9a-4a50-95ba-f62a6d436b48/c23604ac-fa74-4008-ba07-3f3370fcae2d3c40.gif]
[cdn.myportfolio.com/66c922f7-ae9a-4a50-95ba-f62a6d436b48/9dcda55f-495d-44ff-8c5e-50815df32058_rw_12005402.jpg]
[cdn.myportfolio.com/66c922f7-ae9a-4a50-95ba-f62a6d436b48/42fc890e-9da8-41d3-aa95-cc31ac0a24c52cca.jpg]
[cdn.myportfolio.com/66c922f7-ae9a-4a50-95ba-f62a6d436b48/c23604ac-fa74-4008-ba07-3f3370fcae2d_rw_6006530.gif]
[cdn.myportfolio.com/66c922f7-ae9a-4a50-95ba-f62a6d436b48/42fc890e-9da8-41d3-aa95-cc31ac0a24c5_rw_600d9cb.jpg]
[rajanpande.com/computer-vision-projects-1.html]
[cdn.myportfolio.com/66c922f7-ae9a-4a50-95ba-f62a6d436b48/f2c39496-0d34-4472-9116-be0dac32f60784cb.jpg]
[cdn.myportfolio.com/66c922f7-ae9a-4a50-95ba-f62a6d436b48/8a122820-a585-4781-9de9-a32726d94aa1f670.gif]
[cdn.myportfolio.com/66c922f7-ae9a-4a50-95ba-f62a6d436b48/8a122820-a585-4781-9de9-a32726d94aa1_rw_6002486.gif]
[cdn.myportfolio.com/66c922f7-ae9a-4a50-95ba-f62a6d436b48/f2c39496-0d34-4472-9116-be0dac32f607_rw_1920cf53.jpg]
[cdn.myportfolio.com/66c922f7-ae9a-4a50-95ba-f62a6d436b48/77a8f05b-e330-4221-bf45-23049ef9a05d834b.png]
[cdn.myportfolio.com/66c922f7-ae9a-4a50-95ba-f62a6d436b48/77a8f05b-e330-4221-bf45-23049ef9a05d_rw_12001558.png]
[cdn.myportfolio.com/66c922f7-ae9a-4a50-95ba-f62a6d436b48/3d408064-f7ec-4c82-b596-32e306d004edd77b.gif]
[cdn.myportfolio.com/66c922f7-ae9a-4a50-95ba-f62a6d436b48/3d408064-f7ec-4c82-b596-32e306d004ed_rw_60018fe.gif]
[rajanpande.com/general-robotics.html]
[cdn.myportfolio.com/66c922f7-ae9a-4a50-95ba-f62a6d436b48/b3f4e4d3-cac9-41bc-bb78-5ce093c0ff062abd.jpg]
[cdn.myportfolio.com/66c922f7-ae9a-4a50-95ba-f62a6d436b48/b3f4e4d3-cac9-41bc-bb78-5ce093c0ff06_rw_19208913.jpg]
[cdn.myportfolio.com/66c922f7-ae9a-4a50-95ba-f62a6d436b48/084c518b-0905-4de5-9d1f-3a8c7bca8440ad0a.png]
[cdn.myportfolio.com/66c922f7-ae9a-4a50-95ba-f62a6d436b48/a472da22-2b67-4367-8255-465951fc31d471cf.jpg]
[cdn.myportfolio.com/66c922f7-ae9a-4a50-95ba-f62a6d436b48/a472da22-2b67-4367-8255-465951fc31d4_rw_12006b19.jpg]
[cdn.myportfolio.com/66c922f7-ae9a-4a50-95ba-f62a6d436b48/e15795b6-1074-4ca7-87e6-c07db2a8ef66e07d.jpg]
[cdn.myportfolio.com/66c922f7-ae9a-4a50-95ba-f62a6d436b48/e15795b6-1074-4ca7-87e6-c07db2a8ef66_rw_12001b86.jpg]
[cdn.myportfolio.com/66c922f7-ae9a-4a50-95ba-f62a6d436b48/084c518b-0905-4de5-9d1f-3a8c7bca8440_rw_6000d12.png]
[cdn.myportfolio.com/66c922f7-ae9a-4a50-95ba-f62a6d436b48/4ee66607-8c34-43ec-afa8-7850630d5aad993b.png]
[cdn.myportfolio.com/66c922f7-ae9a-4a50-95ba-f62a6d436b48/f78c0822-dde1-4b6b-bc46-20231c3e0a9aeaff.gif]
[cdn.myportfolio.com/66c922f7-ae9a-4a50-95ba-f62a6d436b48/4ee66607-8c34-43ec-afa8-7850630d5aad_rw_1200ea64.png]
[cdn.myportfolio.com/66c922f7-ae9a-4a50-95ba-f62a6d436b48/1dd75b96-a32e-426c-9399-219b08636acdea37.png]
[cdn.myportfolio.com/66c922f7-ae9a-4a50-95ba-f62a6d436b48/f78c0822-dde1-4b6b-bc46-20231c3e0a9a_rw_600b67d.gif]
[cdn.myportfolio.com/66c922f7-ae9a-4a50-95ba-f62a6d436b48/1dd75b96-a32e-426c-9399-219b08636acd_rw_60033e3.png]
[cdn.myportfolio.com/66c922f7-ae9a-4a50-95ba-f62a6d436b48/86ef6c25-87f3-4d17-ab54-1d2fc6d47f626066.jpg]
[cdn.myportfolio.com/66c922f7-ae9a-4a50-95ba-f62a6d436b48/86ef6c25-87f3-4d17-ab54-1d2fc6d47f62_rw_600bf27.jpg]
[cdn.myportfolio.com/66c922f7-ae9a-4a50-95ba-f62a6d436b48/17066a27-a341-4000-b3e1-b03d4e409dc73c65.gif]
[cdn.myportfolio.com/66c922f7-ae9a-4a50-95ba-f62a6d436b48/17066a27-a341-4000-b3e1-b03d4e409dc7_rw_600c102.gif]
[rajanpande.com/machine-learning.html]
[cdn.myportfolio.com/66c922f7-ae9a-4a50-95ba-f62a6d436b48/d6d3731e-60fb-441c-9b8f-e0c6b41debc1cddb.png]
[cdn.myportfolio.com/66c922f7-ae9a-4a50-95ba-f62a6d436b48/d6d3731e-60fb-441c-9b8f-e0c6b41debc1_rw_600bd75.png]
[cdn.myportfolio.com/66c922f7-ae9a-4a50-95ba-f62a6d436b48/007f2bdd-8ae7-4115-8905-befe9525ce649d1d.jpg]
[cdn.myportfolio.com/66c922f7-ae9a-4a50-95ba-f62a6d436b48/007f2bdd-8ae7-4115-8905-befe9525ce64_rw_12000bc6.jpg]
[rajanpande.com/miscellaneous.html]
[rajanpande.com/about.html]
[use.typekit.net/ik/1Kpzgqd_2LL8sGvypQXznzOn9A7o7gjf_DItdjD1V7IfezSgfHYEBsJzwD9oFDIDWD9XjDFc5e4ywh9UFRSowRJ3wAjUjQyyF2FqZRSDjcsKFAJ3wRIXFRb-K6I7OcuoSeNkieZzde8zOcFzdP37O1gkdDJlic88ikolpWgzS1scdhUTdko-2]
[rajanpande.com/site/translationsefa6]
[rajanpande.com/dist/js/mainefa6.js]
[cdn.myportfolio.com/66c922f7-ae9a-4a50-95ba-f62a6d436b48/717829a48b5fad64747b7bf2f577ae7316735063636e48.css]
[cdn.myportfolio.com/66c922f7-ae9a-4a50-95ba-f62a6d436b48/c13c4177-b3d3-4168-b87e-add88a0eb492882b.png]
[cdn.myportfolio.com/66c922f7-ae9a-4a50-95ba-f62a6d436b48/c13c4177-b3d3-4168-b87e-add88a0eb492_rw_3840b587.png]
[cdn.myportfolio.com/66c922f7-ae9a-4a50-95ba-f62a6d436b48/13f1df65b77a94d64941a58781d9c93a1673506363d344.css]
